<?xml version="1.0" encoding="UTF-8"?>
<!-- Generated by org.testng.reporters.JUnitReportReporter -->
<testsuite hostname="DESKTOP-57E8I4B" failures="0" tests="1" name="demo.SampleTest" time="0.016" errors="0" timestamp="2024-05-22T21:06:36 IST" skipped="0">
  <testcase classname="demo.SampleTest" name="test" time="0.016"/>
  <system-out>
    <![CDATA[SampleTest class executed]]>
  </system-out>
</testsuite> <!-- demo.SampleTest -->
