<?xml version="1.0" encoding="UTF-8"?>
<!-- Generated by org.testng.reporters.JUnitReportReporter -->
<testsuite hostname="DESKTOP-57E8I4B" failures="0" tests="1" name="cars.AudiTest" time="5.873" errors="0" timestamp="2024-05-22T23:09:50 IST" skipped="0">
  <testcase classname="cars.AudiTest" name="test" time="5.873"/>
  <system-out>
    <![CDATA[SampleTest class executed]]>
  </system-out>
</testsuite> <!-- cars.AudiTest -->
