<?xml version="1.0" encoding="UTF-8"?>
<!-- Generated by org.testng.reporters.JUnitReportReporter -->
<testsuite hostname="DESKTOP-57E8I4B" failures="0" tests="1" name="demo.AudiTest" time="13.941" errors="0" timestamp="2024-05-21T09:58:13 IST" skipped="0">
  <testcase classname="demo.AudiTest" name="test" time="13.941"/>
  <system-out>
    <![CDATA[SampleTest class executed]]>
  </system-out>
</testsuite> <!-- demo.AudiTest -->
