<?xml version="1.0" encoding="UTF-8"?>
<!-- Generated by org.testng.reporters.JUnitReportReporter -->
<testsuite hostname="DESKTOP-57E8I4B" failures="0" tests="1" name="extentreports.ToLearnExtentReports" time="0.876" errors="0" timestamp="2024-06-04T09:29:45 IST" skipped="0">
  <testcase classname="extentreports.ToLearnExtentReports" name="report" time="0.876"/>
  <system-out/>
</testsuite> <!-- extentreports.ToLearnExtentReports -->
