<?xml version="1.0" encoding="UTF-8"?>
<!-- Generated by org.testng.reporters.JUnitReportReporter -->
<testsuite hostname="DESKTOP-57E8I4B" failures="0" tests="1" name="car_01.MercedesTest" time="9.433" errors="0" timestamp="2024-05-21T09:43:56 IST" skipped="0">
  <testcase classname="car_01.MercedesTest" name="test" time="9.433"/>
  <system-out/>
</testsuite> <!-- car_01.MercedesTest -->
